<?xml version="1.0" encoding="UTF-8"?>
<robot generator="Robot 7.0 (Python 3.10.5 on darwin)" generated="2024-02-06T19:50:09.106126" rpa="false" schemaversion="5">
<suite id="s1" name="Test4" source="/Users/monikagurg/PycharmProjects/QATraningRobotFramework/TestCases/Test4.robot">
<test id="s1-t1" name="Agent Work Mode Selection" line="27">
<kw name="start and maximize browser" owner="BaseKeywords" type="SETUP">
<kw name="Open Browser" owner="SeleniumLibrary">
<msg time="2024-02-06T19:50:09.222610" level="INFO">Opening browser 'chrome' to base url 'https://validation.ameyo.com:8443/app'.</msg>
<arg>${url}</arg>
<arg>${browser}</arg>
<doc>Opens a new browser instance to the optional ``url``.</doc>
<status status="PASS" start="2024-02-06T19:50:09.222415" elapsed="18.047924"/>
</kw>
<kw name="Maximize Browser Window" owner="SeleniumLibrary">
<doc>Maximizes current browser window.</doc>
<status status="PASS" start="2024-02-06T19:50:27.273949" elapsed="4.494124"/>
</kw>
<kw name="Set Selenium Implicit Wait" owner="SeleniumLibrary">
<arg>30s</arg>
<doc>Sets the implicit wait value used by Selenium.</doc>
<status status="PASS" start="2024-02-06T19:50:31.768254" elapsed="0.001821"/>
</kw>
<status status="PASS" start="2024-02-06T19:50:09.221798" elapsed="22.548466"/>
</kw>
<kw name="Input Text" owner="SeleniumLibrary">
<msg time="2024-02-06T19:50:31.772795" level="INFO">Typing text 'Austin' into text field 'xpath://input[@automationid="enterLoginUsername"]'.</msg>
<arg>xpath://input[@automationid="enterLoginUsername"]</arg>
<arg>Austin</arg>
<doc>Types the given ``text`` into the text field identified by ``locator``.</doc>
<status status="PASS" start="2024-02-06T19:50:31.770996" elapsed="7.020443"/>
</kw>
<kw name="Input Text" owner="SeleniumLibrary">
<msg time="2024-02-06T19:50:38.793219" level="INFO">Typing text 'Austin' into text field 'xpath://input[@automationid="enterLoginPassword"]'.</msg>
<arg>xpath://input[@automationid="enterLoginPassword"]</arg>
<arg>Austin</arg>
<doc>Types the given ``text`` into the text field identified by ``locator``.</doc>
<status status="PASS" start="2024-02-06T19:50:38.792517" elapsed="1.047129"/>
</kw>
<kw name="Click Element" owner="SeleniumLibrary">
<msg time="2024-02-06T19:50:39.840166" level="INFO">Clicking element 'xpath://button[@automationid="loginButton"]'.</msg>
<arg>xpath://button[@automationid="loginButton"]</arg>
<doc>Click the element identified by ``locator``.</doc>
<status status="PASS" start="2024-02-06T19:50:39.839941" elapsed="1.438487"/>
</kw>
<kw name="Select Radio Button" owner="SeleniumLibrary">
<msg time="2024-02-06T19:50:41.278886" level="INFO">Selecting 'WFO (Work From Office)' from radio button 'workingMode'.</msg>
<msg time="2024-02-06T19:51:11.856875" level="INFO" html="true">&lt;/td&gt;&lt;/tr&gt;&lt;tr&gt;&lt;td colspan="3"&gt;&lt;a href="selenium-screenshot-2.png"&gt;&lt;img src="selenium-screenshot-2.png" width="800px"&gt;&lt;/a&gt;</msg>
<msg time="2024-02-06T19:51:11.857592" level="FAIL">No radio button with name 'workingMode' and value 'WFO (Work From Office)' found.</msg>
<arg>workingMode</arg>
<arg>WFO (Work From Office)</arg>
<doc>Sets the radio button group ``group_name`` to ``value``.</doc>
<status status="FAIL" start="2024-02-06T19:50:41.278708" elapsed="30.581948">No radio button with name 'workingMode' and value 'WFO (Work From Office)' found.</status>
</kw>
<kw name="Click Element" owner="SeleniumLibrary">
<arg>xpath://button[span[text()="Next"]]</arg>
<doc>Click the element identified by ``locator``.</doc>
<status status="NOT RUN" start="2024-02-06T19:51:11.861409" elapsed="0.000040"/>
</kw>
<kw name="Sleep" owner="BuiltIn">
<arg>10</arg>
<doc>Pauses the test executed for the given time.</doc>
<status status="NOT RUN" start="2024-02-06T19:51:11.861573" elapsed="0.000021"/>
</kw>
<kw name="close browser window" owner="BaseKeywords" type="TEARDOWN">
<kw name="Close Browser" owner="SeleniumLibrary">
<doc>Closes the current browser.</doc>
<status status="PASS" start="2024-02-06T19:51:11.862380" elapsed="0.119946"/>
</kw>
<status status="PASS" start="2024-02-06T19:51:11.862047" elapsed="0.120393"/>
</kw>
<doc>work mode selection</doc>
<tag>smoke31</tag>
<status status="FAIL" start="2024-02-06T19:50:09.221323" elapsed="62.761201">No radio button with name 'workingMode' and value 'WFO (Work From Office)' found.</status>
</test>
<status status="FAIL" start="2024-02-06T19:50:09.107100" elapsed="62.875949"/>
</suite>
<statistics>
<total>
<stat pass="0" fail="1" skip="0">All Tests</stat>
</total>
<tag>
<stat pass="0" fail="1" skip="0">smoke31</stat>
</tag>
<suite>
<stat pass="0" fail="1" skip="0" id="s1" name="Test4">Test4</stat>
</suite>
</statistics>
<errors>
</errors>
</robot>
