<?xml version="1.0" encoding="UTF-8"?>
<robot generator="Robot 7.0 (Python 3.10.5 on darwin)" generated="2024-02-03T15:13:53.461101" rpa="false" schemaversion="5">
<suite id="s1" name="Test6" source="/Users/monikagurg/PycharmProjects/QATraningRobotFramework/TestCases/Test6.robot">
<test id="s1-t1" name="Demo Test 1" line="9">
<kw name="Open Browser" owner="SeleniumLibrary">
<msg time="2024-02-03T15:13:53.575645" level="INFO">Opening browser 'chrome' to base url 'https://validation.ameyo.com:8443/app'.</msg>
<arg>${url}</arg>
<arg>${browser}</arg>
<doc>Opens a new browser instance to the optional ``url``.</doc>
<status status="PASS" start="2024-02-03T15:13:53.575428" elapsed="16.591692"/>
</kw>
<kw name="Set Selenium Implicit Wait" owner="SeleniumLibrary">
<arg>20</arg>
<doc>Sets the implicit wait value used by Selenium.</doc>
<status status="PASS" start="2024-02-03T15:14:10.168059" elapsed="0.001349"/>
</kw>
<kw name="Input Text" owner="SeleniumLibrary">
<msg time="2024-02-03T15:14:10.170172" level="INFO">Typing text 'mona1' into text field 'xpath://input[@automationid="enterLoginUsername"]'.</msg>
<arg>xpath://input[@automationid="enterLoginUsername"]</arg>
<arg>mona1</arg>
<doc>Types the given ``text`` into the text field identified by ``locator``.</doc>
<status status="PASS" start="2024-02-03T15:14:10.169658" elapsed="8.945622"/>
</kw>
<kw name="Input Text" owner="SeleniumLibrary">
<msg time="2024-02-03T15:14:19.115705" level="INFO">Typing text 'mona1' into text field 'xpath://input[@automationid="enterLoginPassword"]'.</msg>
<arg>xpath://input[@automationid="enterLoginPassword"]</arg>
<arg>mona1</arg>
<doc>Types the given ``text`` into the text field identified by ``locator``.</doc>
<status status="PASS" start="2024-02-03T15:14:19.115496" elapsed="1.208944"/>
</kw>
<kw name="Click Element" owner="SeleniumLibrary">
<msg time="2024-02-03T15:14:20.325095" level="INFO">Clicking element 'xpath://button[@automationid="loginButton"]'.</msg>
<arg>xpath://button[@automationid="loginButton"]</arg>
<doc>Click the element identified by ``locator``.</doc>
<status status="PASS" start="2024-02-03T15:14:20.324726" elapsed="1.179823"/>
</kw>
<kw name="Sleep" owner="BuiltIn">
<msg time="2024-02-03T15:14:36.507613" level="INFO">Slept 15 seconds.</msg>
<arg>15</arg>
<doc>Pauses the test executed for the given time.</doc>
<status status="PASS" start="2024-02-03T15:14:21.504939" elapsed="15.003391"/>
</kw>
<kw name="Handle Alert" owner="SeleniumLibrary">
<msg time="2024-02-03T15:14:36.510503" level="INFO">HANDLE::&lt;class 'NoneType'&gt;::None</msg>
<msg time="2024-02-03T15:14:42.147413" level="INFO" html="true">&lt;/td&gt;&lt;/tr&gt;&lt;tr&gt;&lt;td colspan="3"&gt;&lt;a href="selenium-screenshot-70.png"&gt;&lt;img src="selenium-screenshot-70.png" width="800px"&gt;&lt;/a&gt;</msg>
<msg time="2024-02-03T15:14:42.147606" level="FAIL">Alert not found in 5 seconds.</msg>
<arg>accept</arg>
<doc>Handles the current alert and returns its message.</doc>
<status status="FAIL" start="2024-02-03T15:14:36.509400" elapsed="5.639990">Alert not found in 5 seconds.</status>
</kw>
<status status="FAIL" start="2024-02-03T15:13:53.574750" elapsed="48.574874">Alert not found in 5 seconds.</status>
</test>
<status status="FAIL" start="2024-02-03T15:13:53.461948" elapsed="48.688094"/>
</suite>
<statistics>
<total>
<stat pass="0" fail="1" skip="0">All Tests</stat>
</total>
<tag>
</tag>
<suite>
<stat pass="0" fail="1" skip="0" id="s1" name="Test6">Test6</stat>
</suite>
</statistics>
<errors>
</errors>
</robot>
