<?xml version="1.0" encoding="UTF-8"?>
<robot generator="Robot 7.0 (Python 3.10.5 on darwin)" generated="2024-01-29T10:09:34.230938" rpa="false" schemaversion="5">
<suite id="s1" name="Test5" source="/Users/monikagurg/PycharmProjects/QATraningRobotFramework/TestCases/Test5.robot">
<test id="s1-t1" name="Agent Single Campaign Selection" line="33">
<kw name="start and maximize browser" owner="BaseKeywords" type="SETUP">
<kw name="Open Browser" owner="SeleniumLibrary">
<msg time="2024-01-29T10:09:34.346521" level="INFO">Opening browser 'chrome' to base url 'https://validation.ameyo.com:8443/app'.</msg>
<msg time="2024-01-29T10:13:01.403672" level="INFO">Cannot capture screenshot because no browser is open.</msg>
<msg time="2024-01-29T10:13:01.419474" level="FAIL">NoSuchDriverException: Message: Unable to obtain driver for chrome using Selenium Manager.; For documentation on this error, please visit: https://www.selenium.dev/documentation/webdriver/troubleshooting/errors/driver_location
</msg>
<arg>${url}</arg>
<arg>${browser}</arg>
<doc>Opens a new browser instance to the optional ``url``.</doc>
<status status="FAIL" start="2024-01-29T10:09:34.346331" elapsed="207.131201">NoSuchDriverException: Message: Unable to obtain driver for chrome using Selenium Manager.; For documentation on this error, please visit: https://www.selenium.dev/documentation/webdriver/troubleshooting/errors/driver_location
</status>
</kw>
<kw name="Maximize Browser Window" owner="SeleniumLibrary">
<doc>Maximizes current browser window.</doc>
<status status="NOT RUN" start="2024-01-29T10:13:01.511194" elapsed="0.000239"/>
</kw>
<kw name="Set Selenium Implicit Wait" owner="SeleniumLibrary">
<arg>30s</arg>
<doc>Sets the implicit wait value used by Selenium.</doc>
<status status="NOT RUN" start="2024-01-29T10:13:01.511610" elapsed="0.000039"/>
</kw>
<status status="FAIL" start="2024-01-29T10:09:34.345782" elapsed="207.167028">NoSuchDriverException: Message: Unable to obtain driver for chrome using Selenium Manager.; For documentation on this error, please visit: https://www.selenium.dev/documentation/webdriver/troubleshooting/errors/driver_location
</status>
</kw>
<kw name="close browser window" owner="BaseKeywords" type="TEARDOWN">
<kw name="Close Browser" owner="SeleniumLibrary">
<doc>Closes the current browser.</doc>
<status status="PASS" start="2024-01-29T10:13:01.515423" elapsed="0.000255"/>
</kw>
<status status="PASS" start="2024-01-29T10:13:01.514537" elapsed="0.001223"/>
</kw>
<doc>Agent single Campaign selection task</doc>
<tag>Smoke1</tag>
<status status="FAIL" start="2024-01-29T10:09:34.345257" elapsed="207.170555">Setup failed:
NoSuchDriverException: Message: Unable to obtain driver for chrome using Selenium Manager.; For documentation on this error, please visit: https://www.selenium.dev/documentation/webdriver/troubleshooting/errors/driver_location
</status>
</test>
<status status="FAIL" start="2024-01-29T10:09:34.236912" elapsed="207.283934"/>
</suite>
<statistics>
<total>
<stat pass="0" fail="1" skip="0">All Tests</stat>
</total>
<tag>
<stat pass="0" fail="1" skip="0">Smoke1</stat>
</tag>
<suite>
<stat pass="0" fail="1" skip="0" id="s1" name="Test5">Test5</stat>
</suite>
</statistics>
<errors>
</errors>
</robot>
